Determining if the __sparc exist failed with the following output:
Change Dir: /home/user/ee6470/test/ESL_HW4-main/vp/src/systemc/CMakeFiles/CMakeTmp

Run Build Command(s):/usr/bin/gmake -f Makefile cmTC_de599/fast && gmake[3]: Entering directory '/home/user/ee6470/test/ESL_HW4-main/vp/src/systemc/CMakeFiles/CMakeTmp'
/usr/bin/gmake  -f CMakeFiles/cmTC_de599.dir/build.make CMakeFiles/cmTC_de599.dir/build
gmake[4]: Entering directory '/home/user/ee6470/test/ESL_HW4-main/vp/src/systemc/CMakeFiles/CMakeTmp'
Building C object CMakeFiles/cmTC_de599.dir/CheckSymbolExists.c.o
/usr/bin/cc    -o CMakeFiles/cmTC_de599.dir/CheckSymbolExists.c.o -c /home/user/ee6470/test/ESL_HW4-main/vp/src/systemc/CMakeFiles/CMakeTmp/CheckSymbolExists.c
/home/user/ee6470/test/ESL_HW4-main/vp/src/systemc/CMakeFiles/CMakeTmp/CheckSymbolExists.c: In function 'main':
/home/user/ee6470/test/ESL_HW4-main/vp/src/systemc/CMakeFiles/CMakeTmp/CheckSymbolExists.c:7:19: error: '__sparc' undeclared (first use in this function)
    7 |   return ((int*)(&__sparc))[argc];
      |                   ^~~~~~~
/home/user/ee6470/test/ESL_HW4-main/vp/src/systemc/CMakeFiles/CMakeTmp/CheckSymbolExists.c:7:19: note: each undeclared identifier is reported only once for each function it appears in
gmake[4]: *** [CMakeFiles/cmTC_de599.dir/build.make:78: CMakeFiles/cmTC_de599.dir/CheckSymbolExists.c.o] Error 1
gmake[4]: Leaving directory '/home/user/ee6470/test/ESL_HW4-main/vp/src/systemc/CMakeFiles/CMakeTmp'
gmake[3]: *** [Makefile:127: cmTC_de599/fast] Error 2
gmake[3]: Leaving directory '/home/user/ee6470/test/ESL_HW4-main/vp/src/systemc/CMakeFiles/CMakeTmp'


File /home/user/ee6470/test/ESL_HW4-main/vp/src/systemc/CMakeFiles/CMakeTmp/CheckSymbolExists.c:
/* */

int main(int argc, char** argv)
{
  (void)argv;
#ifndef __sparc
  return ((int*)(&__sparc))[argc];
#else
  (void)argc;
  return 0;
#endif
}
Determining if the __sparc__ exist failed with the following output:
Change Dir: /home/user/ee6470/test/ESL_HW4-main/vp/src/systemc/CMakeFiles/CMakeTmp

Run Build Command(s):/usr/bin/gmake -f Makefile cmTC_9725b/fast && gmake[3]: Entering directory '/home/user/ee6470/test/ESL_HW4-main/vp/src/systemc/CMakeFiles/CMakeTmp'
/usr/bin/gmake  -f CMakeFiles/cmTC_9725b.dir/build.make CMakeFiles/cmTC_9725b.dir/build
gmake[4]: Entering directory '/home/user/ee6470/test/ESL_HW4-main/vp/src/systemc/CMakeFiles/CMakeTmp'
Building C object CMakeFiles/cmTC_9725b.dir/CheckSymbolExists.c.o
/usr/bin/cc    -o CMakeFiles/cmTC_9725b.dir/CheckSymbolExists.c.o -c /home/user/ee6470/test/ESL_HW4-main/vp/src/systemc/CMakeFiles/CMakeTmp/CheckSymbolExists.c
/home/user/ee6470/test/ESL_HW4-main/vp/src/systemc/CMakeFiles/CMakeTmp/CheckSymbolExists.c: In function 'main':
/home/user/ee6470/test/ESL_HW4-main/vp/src/systemc/CMakeFiles/CMakeTmp/CheckSymbolExists.c:7:19: error: '__sparc__' undeclared (first use in this function)
    7 |   return ((int*)(&__sparc__))[argc];
      |                   ^~~~~~~~~
/home/user/ee6470/test/ESL_HW4-main/vp/src/systemc/CMakeFiles/CMakeTmp/CheckSymbolExists.c:7:19: note: each undeclared identifier is reported only once for each function it appears in
gmake[4]: *** [CMakeFiles/cmTC_9725b.dir/build.make:78: CMakeFiles/cmTC_9725b.dir/CheckSymbolExists.c.o] Error 1
gmake[4]: Leaving directory '/home/user/ee6470/test/ESL_HW4-main/vp/src/systemc/CMakeFiles/CMakeTmp'
gmake[3]: *** [Makefile:127: cmTC_9725b/fast] Error 2
gmake[3]: Leaving directory '/home/user/ee6470/test/ESL_HW4-main/vp/src/systemc/CMakeFiles/CMakeTmp'


File /home/user/ee6470/test/ESL_HW4-main/vp/src/systemc/CMakeFiles/CMakeTmp/CheckSymbolExists.c:
/* */

int main(int argc, char** argv)
{
  (void)argv;
#ifndef __sparc__
  return ((int*)(&__sparc__))[argc];
#else
  (void)argc;
  return 0;
#endif
}
Determining if the __hppa exist failed with the following output:
Change Dir: /home/user/ee6470/test/ESL_HW4-main/vp/src/systemc/CMakeFiles/CMakeTmp

Run Build Command(s):/usr/bin/gmake -f Makefile cmTC_f41fc/fast && gmake[3]: Entering directory '/home/user/ee6470/test/ESL_HW4-main/vp/src/systemc/CMakeFiles/CMakeTmp'
/usr/bin/gmake  -f CMakeFiles/cmTC_f41fc.dir/build.make CMakeFiles/cmTC_f41fc.dir/build
gmake[4]: Entering directory '/home/user/ee6470/test/ESL_HW4-main/vp/src/systemc/CMakeFiles/CMakeTmp'
Building C object CMakeFiles/cmTC_f41fc.dir/CheckSymbolExists.c.o
/usr/bin/cc    -o CMakeFiles/cmTC_f41fc.dir/CheckSymbolExists.c.o -c /home/user/ee6470/test/ESL_HW4-main/vp/src/systemc/CMakeFiles/CMakeTmp/CheckSymbolExists.c
/home/user/ee6470/test/ESL_HW4-main/vp/src/systemc/CMakeFiles/CMakeTmp/CheckSymbolExists.c: In function 'main':
/home/user/ee6470/test/ESL_HW4-main/vp/src/systemc/CMakeFiles/CMakeTmp/CheckSymbolExists.c:7:19: error: '__hppa' undeclared (first use in this function)
    7 |   return ((int*)(&__hppa))[argc];
      |                   ^~~~~~
/home/user/ee6470/test/ESL_HW4-main/vp/src/systemc/CMakeFiles/CMakeTmp/CheckSymbolExists.c:7:19: note: each undeclared identifier is reported only once for each function it appears in
gmake[4]: *** [CMakeFiles/cmTC_f41fc.dir/build.make:78: CMakeFiles/cmTC_f41fc.dir/CheckSymbolExists.c.o] Error 1
gmake[4]: Leaving directory '/home/user/ee6470/test/ESL_HW4-main/vp/src/systemc/CMakeFiles/CMakeTmp'
gmake[3]: *** [Makefile:127: cmTC_f41fc/fast] Error 2
gmake[3]: Leaving directory '/home/user/ee6470/test/ESL_HW4-main/vp/src/systemc/CMakeFiles/CMakeTmp'


File /home/user/ee6470/test/ESL_HW4-main/vp/src/systemc/CMakeFiles/CMakeTmp/CheckSymbolExists.c:
/* */

int main(int argc, char** argv)
{
  (void)argv;
#ifndef __hppa
  return ((int*)(&__hppa))[argc];
#else
  (void)argc;
  return 0;
#endif
}
Determining if the __i386 exist failed with the following output:
Change Dir: /home/user/ee6470/test/ESL_HW4-main/vp/src/systemc/CMakeFiles/CMakeTmp

Run Build Command(s):/usr/bin/gmake -f Makefile cmTC_c0169/fast && gmake[3]: Entering directory '/home/user/ee6470/test/ESL_HW4-main/vp/src/systemc/CMakeFiles/CMakeTmp'
/usr/bin/gmake  -f CMakeFiles/cmTC_c0169.dir/build.make CMakeFiles/cmTC_c0169.dir/build
gmake[4]: Entering directory '/home/user/ee6470/test/ESL_HW4-main/vp/src/systemc/CMakeFiles/CMakeTmp'
Building C object CMakeFiles/cmTC_c0169.dir/CheckSymbolExists.c.o
/usr/bin/cc    -o CMakeFiles/cmTC_c0169.dir/CheckSymbolExists.c.o -c /home/user/ee6470/test/ESL_HW4-main/vp/src/systemc/CMakeFiles/CMakeTmp/CheckSymbolExists.c
/home/user/ee6470/test/ESL_HW4-main/vp/src/systemc/CMakeFiles/CMakeTmp/CheckSymbolExists.c: In function 'main':
/home/user/ee6470/test/ESL_HW4-main/vp/src/systemc/CMakeFiles/CMakeTmp/CheckSymbolExists.c:7:19: error: '__i386' undeclared (first use in this function)
    7 |   return ((int*)(&__i386))[argc];
      |                   ^~~~~~
/home/user/ee6470/test/ESL_HW4-main/vp/src/systemc/CMakeFiles/CMakeTmp/CheckSymbolExists.c:7:19: note: each undeclared identifier is reported only once for each function it appears in
gmake[4]: *** [CMakeFiles/cmTC_c0169.dir/build.make:78: CMakeFiles/cmTC_c0169.dir/CheckSymbolExists.c.o] Error 1
gmake[4]: Leaving directory '/home/user/ee6470/test/ESL_HW4-main/vp/src/systemc/CMakeFiles/CMakeTmp'
gmake[3]: *** [Makefile:127: cmTC_c0169/fast] Error 2
gmake[3]: Leaving directory '/home/user/ee6470/test/ESL_HW4-main/vp/src/systemc/CMakeFiles/CMakeTmp'


File /home/user/ee6470/test/ESL_HW4-main/vp/src/systemc/CMakeFiles/CMakeTmp/CheckSymbolExists.c:
/* */

int main(int argc, char** argv)
{
  (void)argv;
#ifndef __i386
  return ((int*)(&__i386))[argc];
#else
  (void)argc;
  return 0;
#endif
}
Determining if the __aarch64__ exist failed with the following output:
Change Dir: /home/user/ee6470/test/ESL_HW4-main/vp/src/systemc/CMakeFiles/CMakeTmp

Run Build Command(s):/usr/bin/gmake -f Makefile cmTC_8e504/fast && gmake[3]: Entering directory '/home/user/ee6470/test/ESL_HW4-main/vp/src/systemc/CMakeFiles/CMakeTmp'
/usr/bin/gmake  -f CMakeFiles/cmTC_8e504.dir/build.make CMakeFiles/cmTC_8e504.dir/build
gmake[4]: Entering directory '/home/user/ee6470/test/ESL_HW4-main/vp/src/systemc/CMakeFiles/CMakeTmp'
Building C object CMakeFiles/cmTC_8e504.dir/CheckSymbolExists.c.o
/usr/bin/cc    -o CMakeFiles/cmTC_8e504.dir/CheckSymbolExists.c.o -c /home/user/ee6470/test/ESL_HW4-main/vp/src/systemc/CMakeFiles/CMakeTmp/CheckSymbolExists.c
/home/user/ee6470/test/ESL_HW4-main/vp/src/systemc/CMakeFiles/CMakeTmp/CheckSymbolExists.c: In function 'main':
/home/user/ee6470/test/ESL_HW4-main/vp/src/systemc/CMakeFiles/CMakeTmp/CheckSymbolExists.c:7:19: error: '__aarch64__' undeclared (first use in this function)
    7 |   return ((int*)(&__aarch64__))[argc];
      |                   ^~~~~~~~~~~
/home/user/ee6470/test/ESL_HW4-main/vp/src/systemc/CMakeFiles/CMakeTmp/CheckSymbolExists.c:7:19: note: each undeclared identifier is reported only once for each function it appears in
gmake[4]: *** [CMakeFiles/cmTC_8e504.dir/build.make:78: CMakeFiles/cmTC_8e504.dir/CheckSymbolExists.c.o] Error 1
gmake[4]: Leaving directory '/home/user/ee6470/test/ESL_HW4-main/vp/src/systemc/CMakeFiles/CMakeTmp'
gmake[3]: *** [Makefile:127: cmTC_8e504/fast] Error 2
gmake[3]: Leaving directory '/home/user/ee6470/test/ESL_HW4-main/vp/src/systemc/CMakeFiles/CMakeTmp'


File /home/user/ee6470/test/ESL_HW4-main/vp/src/systemc/CMakeFiles/CMakeTmp/CheckSymbolExists.c:
/* */

int main(int argc, char** argv)
{
  (void)argv;
#ifndef __aarch64__
  return ((int*)(&__aarch64__))[argc];
#else
  (void)argc;
  return 0;
#endif
}
Determining if the __ppc__ exist failed with the following output:
Change Dir: /home/user/ee6470/test/ESL_HW4-main/vp/src/systemc/CMakeFiles/CMakeTmp

Run Build Command(s):/usr/bin/gmake -f Makefile cmTC_4e0f3/fast && gmake[3]: Entering directory '/home/user/ee6470/test/ESL_HW4-main/vp/src/systemc/CMakeFiles/CMakeTmp'
/usr/bin/gmake  -f CMakeFiles/cmTC_4e0f3.dir/build.make CMakeFiles/cmTC_4e0f3.dir/build
gmake[4]: Entering directory '/home/user/ee6470/test/ESL_HW4-main/vp/src/systemc/CMakeFiles/CMakeTmp'
Building C object CMakeFiles/cmTC_4e0f3.dir/CheckSymbolExists.c.o
/usr/bin/cc    -o CMakeFiles/cmTC_4e0f3.dir/CheckSymbolExists.c.o -c /home/user/ee6470/test/ESL_HW4-main/vp/src/systemc/CMakeFiles/CMakeTmp/CheckSymbolExists.c
/home/user/ee6470/test/ESL_HW4-main/vp/src/systemc/CMakeFiles/CMakeTmp/CheckSymbolExists.c: In function 'main':
/home/user/ee6470/test/ESL_HW4-main/vp/src/systemc/CMakeFiles/CMakeTmp/CheckSymbolExists.c:7:19: error: '__ppc__' undeclared (first use in this function)
    7 |   return ((int*)(&__ppc__))[argc];
      |                   ^~~~~~~
/home/user/ee6470/test/ESL_HW4-main/vp/src/systemc/CMakeFiles/CMakeTmp/CheckSymbolExists.c:7:19: note: each undeclared identifier is reported only once for each function it appears in
gmake[4]: *** [CMakeFiles/cmTC_4e0f3.dir/build.make:78: CMakeFiles/cmTC_4e0f3.dir/CheckSymbolExists.c.o] Error 1
gmake[4]: Leaving directory '/home/user/ee6470/test/ESL_HW4-main/vp/src/systemc/CMakeFiles/CMakeTmp'
gmake[3]: *** [Makefile:127: cmTC_4e0f3/fast] Error 2
gmake[3]: Leaving directory '/home/user/ee6470/test/ESL_HW4-main/vp/src/systemc/CMakeFiles/CMakeTmp'


File /home/user/ee6470/test/ESL_HW4-main/vp/src/systemc/CMakeFiles/CMakeTmp/CheckSymbolExists.c:
/* */

int main(int argc, char** argv)
{
  (void)argv;
#ifndef __ppc__
  return ((int*)(&__ppc__))[argc];
#else
  (void)argc;
  return 0;
#endif
}
Determining if the __powerpc exist failed with the following output:
Change Dir: /home/user/ee6470/test/ESL_HW4-main/vp/src/systemc/CMakeFiles/CMakeTmp

Run Build Command(s):/usr/bin/gmake -f Makefile cmTC_b20ef/fast && gmake[3]: Entering directory '/home/user/ee6470/test/ESL_HW4-main/vp/src/systemc/CMakeFiles/CMakeTmp'
/usr/bin/gmake  -f CMakeFiles/cmTC_b20ef.dir/build.make CMakeFiles/cmTC_b20ef.dir/build
gmake[4]: Entering directory '/home/user/ee6470/test/ESL_HW4-main/vp/src/systemc/CMakeFiles/CMakeTmp'
Building C object CMakeFiles/cmTC_b20ef.dir/CheckSymbolExists.c.o
/usr/bin/cc    -o CMakeFiles/cmTC_b20ef.dir/CheckSymbolExists.c.o -c /home/user/ee6470/test/ESL_HW4-main/vp/src/systemc/CMakeFiles/CMakeTmp/CheckSymbolExists.c
/home/user/ee6470/test/ESL_HW4-main/vp/src/systemc/CMakeFiles/CMakeTmp/CheckSymbolExists.c: In function 'main':
/home/user/ee6470/test/ESL_HW4-main/vp/src/systemc/CMakeFiles/CMakeTmp/CheckSymbolExists.c:7:19: error: '__powerpc' undeclared (first use in this function)
    7 |   return ((int*)(&__powerpc))[argc];
      |                   ^~~~~~~~~
/home/user/ee6470/test/ESL_HW4-main/vp/src/systemc/CMakeFiles/CMakeTmp/CheckSymbolExists.c:7:19: note: each undeclared identifier is reported only once for each function it appears in
gmake[4]: *** [CMakeFiles/cmTC_b20ef.dir/build.make:78: CMakeFiles/cmTC_b20ef.dir/CheckSymbolExists.c.o] Error 1
gmake[4]: Leaving directory '/home/user/ee6470/test/ESL_HW4-main/vp/src/systemc/CMakeFiles/CMakeTmp'
gmake[3]: *** [Makefile:127: cmTC_b20ef/fast] Error 2
gmake[3]: Leaving directory '/home/user/ee6470/test/ESL_HW4-main/vp/src/systemc/CMakeFiles/CMakeTmp'


File /home/user/ee6470/test/ESL_HW4-main/vp/src/systemc/CMakeFiles/CMakeTmp/CheckSymbolExists.c:
/* */

int main(int argc, char** argv)
{
  (void)argv;
#ifndef __powerpc
  return ((int*)(&__powerpc))[argc];
#else
  (void)argc;
  return 0;
#endif
}
