TOOL:	xrun(64)	22.03-s003: Started on May 31, 2023 at 05:35:27 CST
xrun(64): 22.03-s003: (c) Copyright 1995-2022 Cadence Design Systems, Inc.
Recompiling... reason: file './bdw_work/modules/SobelFilter/FLAT_UNROLL_ALL_FAST/SobelFilter_rtl.v' is newer than expected.
	expected: Wed May 31 01:00:05 2023
	actual:   Wed May 31 05:35:13 2023
file: bdw_work/sims/top_V_FLAT_UNROLL_ALL_FAST.v
			$value$plusargs("BDW_VLOG_DUMPFILE+%s",dump_file);
			              |
xmvlog: *W,NOSYST (bdw_work/sims/top_V_FLAT_UNROLL_ALL_FAST.v,41|17): System function '$value$plusargs' invoked as a task. Return value will be ignored.
file: bdw_work/modules/SobelFilter/FLAT_UNROLL_ALL_FAST/SobelFilter_rtl.v
	module worklib.SobelFilter:v
		errors: 0, warnings: 0
xmvlog: *W,SPDUSD: Include directory bdw_work/wrappers given but not used.
	Total errors/warnings found outside modules and primitives:
		errors: 0, warnings: 1
*** Registering Hub PLI1.0 Interface***
		Caching library 'worklib' ....... Done
	Elaborating the design hierarchy:
	Top level design units:
		top
	Building instance overlay tables: .................... Done
	Generating native compiled code:
		worklib.top:v <0x56449f80>
			streams: 114, words: 104053
		worklib.SobelFilter:v <0x585fd0ac>
			streams: 188, words: 78810
	Building instance specific data structures.
	Loading native compiled code:     .................... Done
	Design hierarchy summary:
		                 Instances  Unique
		Modules:                 3       3
		Registers:             247     247
		Scalar wires:           13       -
		Vectored wires:         40       -
		Always blocks:         131     131
		Initial blocks:          7       7
		Cont. assignments:      43      47
		Pseudo assignments:      5       5
		Simulation timescale:  1ps
	Writing initial simulation snapshot: worklib.top:v
Loading snapshot worklib.top:v .................... Done
*** Registering Hub PLI1.0 Interface***
xcelium> source /usr/cadtool/cadence/XCELIUM/XCELIUM_22.03.003/tools/xcelium/files/xmsimrc
xcelium> 
xcelium> run

        SystemC 2.3.3-Accellera --- Jun 11 2021 12:51:14
        Copyright (c) 1996-2018 by all Contributors,
        ALL RIGHTS RESERVED
read check: 1
NOTE: Cadence Design Systems Hub Simulation Platform : version 21.20-p100
Testbench sink thread read 8000 values. Average latency 5.

Info: /OSCI/SystemC: Simulation stopped by user.
Simulation stopped via $stop(1) at time 320065100 PS + 0
./bdw_work/sims/top_V_FLAT_UNROLL_ALL_FAST.v:67 		#100 $stop;
xcelium> quit
success open out.txt
Total run time = 320 us
Throught = 0.25 outputs/clock
Average latency = 1 clocks/output
TOOL:	xrun(64)	22.03-s003: Exiting on May 31, 2023 at 05:35:29 CST  (total: 00:00:02)
