xrun(64): 22.03-s003: (c) Copyright 1995-2022 Cadence Design Systems, Inc.
TOOL:	xrun(64)	22.03-s003: Started on May 31, 2023 at 05:31:30 CST
xrun
	-sdfdir bdw_work/sims/V_FLAT_UNROLL_ALL
	+xm64bit
	+incdir+/usr/cadtool/cadence/STRATUS/STRATUS_21.10.100/tools.lnx86/stratus/lib
	+incdir+bdw_work/wrappers
	+access+rw
	+loadpli1=/usr/cadtool/cadence/STRATUS/STRATUS_21.10.100/tools.lnx86/stratus/lib/64bit/ncvlog_ssl:ssl_bootstrap
	+xminput+bdw_work/sims/V_FLAT_UNROLL_ALL/ncverilog.do
	+xmlibdirname+bdw_work/sims/V_FLAT_UNROLL_ALL
	+BDW_VLOG_DUMPFILE+
	-f bdw_work/sims/V_FLAT_UNROLL_ALL/siminfo
		bdw_work/sims/top_V_FLAT_UNROLL_ALL.v
		bdw_work/wrappers/SobelFilter_cosim.v
		bdw_work/modules/SobelFilter/FLAT_UNROLL_ALL/SobelFilter_rtl.v
	+libext+.v
	+define+ioConfig
	+define+BDW_RTL_SobelFilter_FLAT_UNROLL_ALL
	+nowarn+LIBNOU
	+hubSetOption+libdef=bdw_work/sims/V_FLAT_UNROLL_ALL/sim_V_FLAT_UNROLL_ALL.so,argv=../data.txt%OUT.txt
	+hubSetOption+bdr=bdw_work/sims/V_FLAT_UNROLL_ALL/sim.bdr
	-l bdw_work/sims/V_FLAT_UNROLL_ALL/bdw_sim_verilog.log

   User defined plus("+") options:
	+BDW_VLOG_DUMPFILE+
	+hubSetOption+libdef=bdw_work/sims/V_FLAT_UNROLL_ALL/sim_V_FLAT_UNROLL_ALL.so,argv=../data.txt%OUT.txt
	+hubSetOption+bdr=bdw_work/sims/V_FLAT_UNROLL_ALL/sim.bdr

Recompiling... reason: file './bdw_work/modules/SobelFilter/FLAT_UNROLL_ALL/SobelFilter_rtl.v' is newer than expected.
	expected: Wed May 31 01:15:14 2023
	actual:   Wed May 31 05:31:17 2023
file: bdw_work/sims/top_V_FLAT_UNROLL_ALL.v
			$value$plusargs("BDW_VLOG_DUMPFILE+%s",dump_file);
			              |
xmvlog: *W,NOSYST (bdw_work/sims/top_V_FLAT_UNROLL_ALL.v,41|17): System function '$value$plusargs' invoked as a task. Return value will be ignored.
file: bdw_work/modules/SobelFilter/FLAT_UNROLL_ALL/SobelFilter_rtl.v
	module worklib.SobelFilter:v
		errors: 0, warnings: 0
xmvlog: *W,SPDUSD: Include directory bdw_work/wrappers given but not used.
	Total errors/warnings found outside modules and primitives:
		errors: 0, warnings: 1
*** Registering Hub PLI1.0 Interface***
		Caching library 'worklib' ....... Done
	Elaborating the design hierarchy:
	Top level design units:
		top
	Building instance overlay tables: .................... Done
	Generating native compiled code:
		worklib.top:v <0x0c474122>
			streams: 114, words: 104053
		worklib.SobelFilter:v <0x27db9d01>
			streams: 105, words: 67526
	Building instance specific data structures.
	Loading native compiled code:     .................... Done
	Design hierarchy summary:
		                 Instances  Unique
		Modules:                 3       3
		Registers:             202     202
		Scalar wires:           13       -
		Vectored wires:          6       -
		Always blocks:          86      86
		Initial blocks:          7       7
		Cont. assignments:       9      13
		Pseudo assignments:      5       5
		Simulation timescale:  1ps
	Writing initial simulation snapshot: worklib.top:v
Loading snapshot worklib.top:v .................... Done
*** Registering Hub PLI1.0 Interface***
xcelium> source /usr/cadtool/cadence/XCELIUM/XCELIUM_22.03.003/tools/xcelium/files/xmsimrc
xcelium> 
xcelium> run
NOTE: Cadence Design Systems Hub Simulation Platform : version 21.20-p100
Simulation stopped via $stop(1) at time 4080065100 PS + 0
./bdw_work/sims/top_V_FLAT_UNROLL_ALL.v:67 		#100 $stop;
xcelium> quit
TOOL:	xrun(64)	22.03-s003: Exiting on May 31, 2023 at 05:31:41 CST  (total: 00:00:11)
